<?xml version="1.0" encoding="UTF-8" ?>
<testsuite tests="18" failures="0" name="hudson.plugins.cobertura.CoberturaPublisherPipelineTest" time="84.527" errors="0" skipped="0">
  <properties>
    <property name="java.runtime.name" value="OpenJDK Runtime Environment"/>
    <property name="sun.boot.library.path" value="/usr/lib/jvm/java-8-openjdk-amd64/jre/lib/amd64"/>
    <property name="java.vm.version" value="25.151-b12"/>
    <property name="java.vm.vendor" value="Oracle Corporation"/>
    <property name="maven.multiModuleProjectDirectory" value="/home/max/cobertura-plugin"/>
    <property name="java.vendor.url" value="http://java.oracle.com/"/>
    <property name="path.separator" value=":"/>
    <property name="guice.disable.misplaced.annotation.check" value="true"/>
    <property name="java.vm.name" value="OpenJDK 64-Bit Server VM"/>
    <property name="file.encoding.pkg" value="sun.io"/>
    <property name="user.country" value="AT"/>
    <property name="sun.java.launcher" value="SUN_STANDARD"/>
    <property name="sun.os.patch.level" value="unknown"/>
    <property name="java.vm.specification.name" value="Java Virtual Machine Specification"/>
    <property name="user.dir" value="/home/max/cobertura-plugin"/>
    <property name="java.runtime.version" value="1.8.0_151-8u151-b12-1~deb9u1-b12"/>
    <property name="java.awt.graphicsenv" value="sun.awt.X11GraphicsEnvironment"/>
    <property name="java.endorsed.dirs" value="/usr/lib/jvm/java-8-openjdk-amd64/jre/lib/endorsed"/>
    <property name="os.arch" value="amd64"/>
    <property name="java.io.tmpdir" value="/tmp"/>
    <property name="line.separator" value="
"/>
    <property name="java.vm.specification.vendor" value="Oracle Corporation"/>
    <property name="os.name" value="Linux"/>
    <property name="classworlds.conf" value="/usr/share/maven/bin/m2.conf"/>
    <property name="sun.jnu.encoding" value="UTF-8"/>
    <property name="java.library.path" value="/usr/java/packages/lib/amd64:/usr/lib/x86_64-linux-gnu/jni:/lib/x86_64-linux-gnu:/usr/lib/x86_64-linux-gnu:/usr/lib/jni:/lib:/usr/lib"/>
    <property name="java.specification.name" value="Java Platform API Specification"/>
    <property name="java.class.version" value="52.0"/>
    <property name="sun.management.compiler" value="HotSpot 64-Bit Tiered Compilers"/>
    <property name="os.version" value="4.9.0-3-amd64"/>
    <property name="user.home" value="/home/max"/>
    <property name="user.timezone" value="Europe/Vienna"/>
    <property name="java.awt.printerjob" value="sun.print.PSPrinterJob"/>
    <property name="file.encoding" value="UTF-8"/>
    <property name="java.specification.version" value="1.8"/>
    <property name="user.name" value="max"/>
    <property name="java.class.path" value="/usr/share/maven/boot/plexus-classworlds-2.x.jar"/>
    <property name="java.vm.specification.version" value="1.8"/>
    <property name="sun.arch.data.model" value="64"/>
    <property name="java.home" value="/usr/lib/jvm/java-8-openjdk-amd64/jre"/>
    <property name="sun.java.command" value="org.codehaus.plexus.classworlds.launcher.Launcher package"/>
    <property name="java.specification.vendor" value="Oracle Corporation"/>
    <property name="user.language" value="de"/>
    <property name="awt.toolkit" value="sun.awt.X11.XToolkit"/>
    <property name="java.vm.info" value="mixed mode"/>
    <property name="java.version" value="1.8.0_151"/>
    <property name="java.ext.dirs" value="/usr/lib/jvm/java-8-openjdk-amd64/jre/lib/ext:/usr/java/packages/lib/ext"/>
    <property name="securerandom.source" value="file:/dev/./urandom"/>
    <property name="sun.boot.class.path" value="/usr/lib/jvm/java-8-openjdk-amd64/jre/lib/resources.jar:/usr/lib/jvm/java-8-openjdk-amd64/jre/lib/rt.jar:/usr/lib/jvm/java-8-openjdk-amd64/jre/lib/sunrsasign.jar:/usr/lib/jvm/java-8-openjdk-amd64/jre/lib/jsse.jar:/usr/lib/jvm/java-8-openjdk-amd64/jre/lib/jce.jar:/usr/lib/jvm/java-8-openjdk-amd64/jre/lib/charsets.jar:/usr/lib/jvm/java-8-openjdk-amd64/jre/lib/jfr.jar:/usr/lib/jvm/java-8-openjdk-amd64/jre/classes"/>
    <property name="java.vendor" value="Oracle Corporation"/>
    <property name="maven.home" value="/usr/share/maven"/>
    <property name="file.separator" value="/"/>
    <property name="java.vendor.url.bug" value="http://bugreport.sun.com/bugreport/"/>
    <property name="sun.cpu.endian" value="little"/>
    <property name="sun.io.unicode.encoding" value="UnicodeLittle"/>
    <property name="sun.desktop" value="gnome"/>
    <property name="sun.cpu.isalist" value=""/>
  </properties>
  <testcase classname="hudson.plugins.cobertura.CoberturaPublisherPipelineTest" name="testLineCoverageSuccess" time="35.514"/>
  <testcase classname="hudson.plugins.cobertura.CoberturaPublisherPipelineTest" name="testFileCoverageFail" time="4"/>
  <testcase classname="hudson.plugins.cobertura.CoberturaPublisherPipelineTest" name="testBranchCoverageFailUnstable" time="3.158"/>
  <testcase classname="hudson.plugins.cobertura.CoberturaPublisherPipelineTest" name="testLineCoverageFail" time="2.211"/>
  <testcase classname="hudson.plugins.cobertura.CoberturaPublisherPipelineTest" name="testMethodCoverageFail" time="3.111"/>
  <testcase classname="hudson.plugins.cobertura.CoberturaPublisherPipelineTest" name="testUnstableOnlyStableTrue" time="3.346"/>
  <testcase classname="hudson.plugins.cobertura.CoberturaPublisherPipelineTest" name="testBranchCoverageFail" time="2.333"/>
  <testcase classname="hudson.plugins.cobertura.CoberturaPublisherPipelineTest" name="testLineCoverageUnstableNoFail" time="2.61"/>
  <testcase classname="hudson.plugins.cobertura.CoberturaPublisherPipelineTest" name="testFailedOnlyStableFalse" time="2.424"/>
  <testcase classname="hudson.plugins.cobertura.CoberturaPublisherPipelineTest" name="testNoReportFile" time="2.142"/>
  <testcase classname="hudson.plugins.cobertura.CoberturaPublisherPipelineTest" name="testLineCoverageUnhealthyNoFail" time="3.061"/>
  <testcase classname="hudson.plugins.cobertura.CoberturaPublisherPipelineTest" name="testBranchCoverageSuccess" time="2.318"/>
  <testcase classname="hudson.plugins.cobertura.CoberturaPublisherPipelineTest" name="testFailedOnlyStableTrue" time="2.099"/>
  <testcase classname="hudson.plugins.cobertura.CoberturaPublisherPipelineTest" name="testClassCoverageFail" time="2.707"/>
  <testcase classname="hudson.plugins.cobertura.CoberturaPublisherPipelineTest" name="testPackageCoverageFail" time="2.25"/>
  <testcase classname="hudson.plugins.cobertura.CoberturaPublisherPipelineTest" name="testReportFile" time="5.786"/>
  <testcase classname="hudson.plugins.cobertura.CoberturaPublisherPipelineTest" name="testLineCoverageFailUnstable" time="3.418"/>
  <testcase classname="hudson.plugins.cobertura.CoberturaPublisherPipelineTest" name="testUnstableOnlyStableFalse" time="2.039"/>
</testsuite>